{"/home/arash/task-manager/backend/src/app.ts": {"path":"/home/arash/task-manager/backend/src/app.ts","statementMap":{"0":{"start":{"line":1,"column":0},"end":{"line":1,"column":30}},"1":{"start":{"line":2,"column":0},"end":{"line":2,"column":46}},"2":{"start":{"line":3,"column":0},"end":{"line":3,"column":61}},"3":{"start":{"line":5,"column":13},"end":{"line":5,"column":29}},"4":{"start":{"line":7,"column":0},"end":{"line":7,"column":24}},"5":{"start":{"line":9,"column":0},"end":{"line":9,"column":30}},"6":{"start":{"line":11,"column":0},"end":{"line":11,"column":22}}},"fnMap":{},"branchMap":{},"s":{"0":1,"1":1,"2":1,"3":1,"4":1,"5":1,"6":1},"f":{},"b":{}}
,"/home/arash/task-manager/backend/src/controllers/task.controller.ts": {"path":"/home/arash/task-manager/backend/src/controllers/task.controller.ts","statementMap":{"0":{"start":{"line":2,"column":0},"end":{"line":2,"column":34}},"1":{"start":{"line":3,"column":0},"end":{"line":3,"column":45}},"2":{"start":{"line":5,"column":24},"end":{"line":16,"column":1}},"3":{"start":{"line":10,"column":2},"end":{"line":15,"column":3}},"4":{"start":{"line":11,"column":18},"end":{"line":11,"column":59}},"5":{"start":{"line":12,"column":4},"end":{"line":12,"column":20}},"6":{"start":{"line":14,"column":4},"end":{"line":14,"column":16}},"7":{"start":{"line":5,"column":13},"end":{"line":5,"column":24}},"8":{"start":{"line":18,"column":26},"end":{"line":36,"column":1}},"9":{"start":{"line":23,"column":2},"end":{"line":35,"column":3}},"10":{"start":{"line":24,"column":22},"end":{"line":24,"column":30}},"11":{"start":{"line":26,"column":4},"end":{"line":28,"column":5}},"12":{"start":{"line":27,"column":6},"end":{"line":27,"column":51}},"13":{"start":{"line":30,"column":17},"end":{"line":30,"column":45}},"14":{"start":{"line":32,"column":4},"end":{"line":32,"column":31}},"15":{"start":{"line":34,"column":4},"end":{"line":34,"column":16}},"16":{"start":{"line":18,"column":13},"end":{"line":18,"column":26}},"17":{"start":{"line":38,"column":26},"end":{"line":60,"column":1}},"18":{"start":{"line":43,"column":2},"end":{"line":59,"column":3}},"19":{"start":{"line":44,"column":26},"end":{"line":44,"column":34}},"20":{"start":{"line":46,"column":17},"end":{"line":49,"column":null}},"21":{"start":{"line":52,"column":4},"end":{"line":54,"column":5}},"22":{"start":{"line":53,"column":6},"end":{"line":53,"column":48}},"23":{"start":{"line":56,"column":4},"end":{"line":56,"column":19}},"24":{"start":{"line":58,"column":4},"end":{"line":58,"column":16}},"25":{"start":{"line":38,"column":13},"end":{"line":38,"column":26}},"26":{"start":{"line":62,"column":26},"end":{"line":78,"column":1}},"27":{"start":{"line":67,"column":2},"end":{"line":77,"column":3}},"28":{"start":{"line":68,"column":17},"end":{"line":68,"column":60}},"29":{"start":{"line":70,"column":4},"end":{"line":72,"column":5}},"30":{"start":{"line":71,"column":6},"end":{"line":71,"column":48}},"31":{"start":{"line":74,"column":4},"end":{"line":74,"column":42}},"32":{"start":{"line":76,"column":4},"end":{"line":76,"column":16}},"33":{"start":{"line":62,"column":13},"end":{"line":62,"column":26}}},"fnMap":{"0":{"name":"(anonymous_1)","decl":{"start":{"line":5,"column":24},"end":{"line":5,"column":29}},"loc":{"start":{"line":9,"column":4},"end":{"line":16,"column":1}}},"1":{"name":"(anonymous_2)","decl":{"start":{"line":18,"column":26},"end":{"line":18,"column":31}},"loc":{"start":{"line":22,"column":4},"end":{"line":36,"column":1}}},"2":{"name":"(anonymous_3)","decl":{"start":{"line":38,"column":26},"end":{"line":38,"column":31}},"loc":{"start":{"line":42,"column":4},"end":{"line":60,"column":1}}},"3":{"name":"(anonymous_4)","decl":{"start":{"line":62,"column":26},"end":{"line":62,"column":31}},"loc":{"start":{"line":66,"column":4},"end":{"line":78,"column":1}}}},"branchMap":{"0":{"loc":{"start":{"line":26,"column":4},"end":{"line":28,"column":5}},"type":"if","locations":[{"start":{"line":26,"column":4},"end":{"line":28,"column":5}}]},"1":{"loc":{"start":{"line":26,"column":8},"end":{"line":26,"column":37}},"type":"binary-expr","locations":[{"start":{"line":26,"column":8},"end":{"line":26,"column":14}},{"start":{"line":26,"column":18},"end":{"line":26,"column":37}}]},"2":{"loc":{"start":{"line":52,"column":4},"end":{"line":54,"column":5}},"type":"if","locations":[{"start":{"line":52,"column":4},"end":{"line":54,"column":5}}]},"3":{"loc":{"start":{"line":70,"column":4},"end":{"line":72,"column":5}},"type":"if","locations":[{"start":{"line":70,"column":4},"end":{"line":72,"column":5}}]}},"s":{"0":1,"1":1,"2":1,"3":1,"4":1,"5":1,"6":0,"7":1,"8":1,"9":5,"10":5,"11":5,"12":2,"13":3,"14":3,"15":2,"16":1,"17":1,"18":2,"19":2,"20":2,"21":2,"22":1,"23":1,"24":1,"25":1,"26":1,"27":1,"28":1,"29":1,"30":1,"31":0,"32":1,"33":1},"f":{"0":1,"1":5,"2":2,"3":1},"b":{"0":[2],"1":[5,4],"2":[1],"3":[1]}}
,"/home/arash/task-manager/backend/src/middleware/error.middleware.ts": {"path":"/home/arash/task-manager/backend/src/middleware/error.middleware.ts","statementMap":{"0":{"start":{"line":3,"column":28},"end":{"line":14,"column":1}},"1":{"start":{"line":9,"column":21},"end":{"line":9,"column":42}},"2":{"start":{"line":11,"column":2},"end":{"line":13,"column":5}},"3":{"start":{"line":3,"column":13},"end":{"line":3,"column":28}}},"fnMap":{"0":{"name":"(anonymous_0)","decl":{"start":{"line":3,"column":28},"end":{"line":3,"column":null}},"loc":{"start":{"line":8,"column":4},"end":{"line":14,"column":1}}}},"branchMap":{"0":{"loc":{"start":{"line":9,"column":21},"end":{"line":9,"column":42}},"type":"binary-expr","locations":[{"start":{"line":9,"column":21},"end":{"line":9,"column":35}},{"start":{"line":9,"column":39},"end":{"line":9,"column":42}}]},"1":{"loc":{"start":{"line":12,"column":11},"end":{"line":12,"column":49}},"type":"binary-expr","locations":[{"start":{"line":12,"column":11},"end":{"line":12,"column":22}},{"start":{"line":12,"column":26},"end":{"line":12,"column":49}}]}},"s":{"0":1,"1":4,"2":4,"3":1},"f":{"0":4},"b":{"0":[4,0],"1":[4,0]}}
,"/home/arash/task-manager/backend/src/models/Task.ts": {"path":"/home/arash/task-manager/backend/src/models/Task.ts","statementMap":{"0":{"start":{"line":1,"column":0},"end":{"line":1,"column":54}},"1":{"start":{"line":10,"column":19},"end":{"line":21,"column":null}},"2":{"start":{"line":24,"column":13},"end":{"line":24,"column":54}},"3":{"start":{"line":26,"column":0},"end":{"line":26,"column":20}}},"fnMap":{},"branchMap":{},"s":{"0":1,"1":1,"2":1,"3":1},"f":{},"b":{}}
,"/home/arash/task-manager/backend/src/routes/task.routes.ts": {"path":"/home/arash/task-manager/backend/src/routes/task.routes.ts","statementMap":{"0":{"start":{"line":1,"column":0},"end":{"line":1,"column":33}},"1":{"start":{"line":2,"column":0},"end":{"line":2,"column":null}},"2":{"start":{"line":9,"column":15},"end":{"line":9,"column":23}},"3":{"start":{"line":11,"column":0},"end":{"line":11,"column":26}},"4":{"start":{"line":12,"column":0},"end":{"line":12,"column":29}},"5":{"start":{"line":13,"column":0},"end":{"line":13,"column":31}},"6":{"start":{"line":14,"column":0},"end":{"line":14,"column":34}},"7":{"start":{"line":16,"column":0},"end":{"line":16,"column":22}}},"fnMap":{},"branchMap":{},"s":{"0":1,"1":1,"2":1,"3":1,"4":1,"5":1,"6":1,"7":1},"f":{},"b":{}}
,"/home/arash/task-manager/backend/src/utils/AppError.ts": {"path":"/home/arash/task-manager/backend/src/utils/AppError.ts","statementMap":{"0":{"start":{"line":5,"column":4},"end":{"line":5,"column":19}},"1":{"start":{"line":6,"column":4},"end":{"line":6,"column":33}},"2":{"start":{"line":8,"column":4},"end":{"line":8,"column":52}},"3":{"start":{"line":1,"column":0},"end":{"line":1,"column":13}}},"fnMap":{"0":{"name":"(anonymous_0)","decl":{"start":{"line":4,"column":2},"end":{"line":4,"column":14}},"loc":{"start":{"line":4,"column":49},"end":{"line":9,"column":3}}}},"branchMap":{},"s":{"0":4,"1":4,"2":4,"3":1},"f":{"0":4},"b":{}}
}
