TN:
SF:dist/src/app.js
FN:2,(anonymous_0)
FN:13,(anonymous_1)
FNF:2
FNH:1
FNDA:3,(anonymous_0)
FNDA:0,(anonymous_1)
DA:2,1
DA:3,3
DA:5,1
DA:6,1
DA:7,1
DA:8,1
DA:9,1
DA:10,1
DA:11,1
DA:12,1
DA:13,1
DA:14,0
DA:16,1
DA:17,1
DA:18,1
DA:19,1
LF:16
LH:15
BRDA:2,0,0,1
BRDA:2,0,1,1
BRDA:2,0,2,1
BRDA:3,1,0,2
BRDA:3,1,1,1
BRDA:3,2,0,3
BRDA:3,2,1,3
BRF:7
BRH:7
end_of_record
TN:
SF:dist/src/controllers/auth.controller.js
FN:2,(anonymous_0)
FN:11,(anonymous_1)
FN:33,(anonymous_2)
FNF:3
FNH:3
FNDA:3,(anonymous_0)
FNDA:1,(anonymous_1)
FNDA:1,(anonymous_2)
DA:2,1
DA:3,3
DA:5,1
DA:6,1
DA:7,1
DA:8,1
DA:9,1
DA:10,1
DA:11,1
DA:12,1
DA:13,1
DA:14,1
DA:15,0
DA:17,1
DA:18,1
DA:19,0
DA:21,1
DA:22,1
DA:26,1
DA:29,0
DA:32,1
DA:33,1
DA:34,1
DA:35,1
DA:36,1
DA:37,0
DA:39,1
DA:40,1
DA:41,0
DA:43,1
DA:44,1
DA:45,0
DA:47,1
DA:48,1
DA:51,0
DA:54,1
LF:36
LH:29
BRDA:2,0,0,1
BRDA:2,0,1,1
BRDA:2,0,2,1
BRDA:3,1,0,1
BRDA:3,1,1,2
BRDA:3,2,0,3
BRDA:3,2,1,3
BRDA:14,3,0,0
BRDA:14,3,1,1
BRDA:14,4,0,1
BRDA:14,4,1,1
BRDA:18,5,0,0
BRDA:18,5,1,1
BRDA:36,6,0,0
BRDA:36,6,1,1
BRDA:36,7,0,1
BRDA:36,7,1,1
BRDA:40,8,0,0
BRDA:40,8,1,1
BRDA:44,9,0,0
BRDA:44,9,1,1
BRF:21
BRH:16
end_of_record
TN:
SF:dist/src/controllers/task.controller.js
FN:2,(anonymous_0)
FN:9,(anonymous_1)
FN:19,(anonymous_2)
FN:33,(anonymous_3)
FN:47,(anonymous_4)
FNF:5
FNH:5
FNDA:1,(anonymous_0)
FNDA:1,(anonymous_1)
FNDA:5,(anonymous_2)
FNDA:2,(anonymous_3)
FNDA:1,(anonymous_4)
DA:2,1
DA:3,1
DA:5,1
DA:6,1
DA:7,1
DA:8,1
DA:9,1
DA:10,1
DA:11,1
DA:12,1
DA:15,0
DA:18,1
DA:19,1
DA:20,5
DA:21,5
DA:22,5
DA:23,2
DA:25,3
DA:26,3
DA:29,2
DA:32,1
DA:33,1
DA:34,2
DA:35,2
DA:36,2
DA:37,2
DA:38,1
DA:40,1
DA:43,1
DA:46,1
DA:47,1
DA:48,1
DA:49,1
DA:50,1
DA:51,1
DA:53,0
DA:56,1
DA:59,1
LF:38
LH:36
BRDA:2,0,0,1
BRDA:2,0,1,1
BRDA:2,0,2,1
BRDA:3,1,0,1
BRDA:3,1,1,0
BRDA:3,2,0,1
BRDA:3,2,1,1
BRDA:22,3,0,2
BRDA:22,3,1,3
BRDA:22,4,0,5
BRDA:22,4,1,4
BRDA:37,5,0,1
BRDA:37,5,1,1
BRDA:50,6,0,1
BRDA:50,6,1,0
BRF:15
BRH:13
end_of_record
TN:
SF:dist/src/middleware/auth.middleware.js
FN:2,(anonymous_0)
FN:9,(anonymous_1)
FNF:2
FNH:2
FNDA:1,(anonymous_0)
FNDA:10,(anonymous_1)
DA:2,1
DA:3,1
DA:5,1
DA:6,1
DA:7,1
DA:8,1
DA:9,1
DA:10,10
DA:11,10
DA:12,10
DA:13,1
DA:15,9
DA:16,9
DA:17,9
DA:18,9
DA:21,1
DA:24,1
LF:17
LH:17
BRDA:2,0,0,1
BRDA:2,0,1,1
BRDA:2,0,2,1
BRDA:3,1,0,0
BRDA:3,1,1,1
BRDA:3,2,0,1
BRDA:3,2,1,1
BRDA:12,3,0,1
BRDA:12,3,1,9
BRDA:12,4,0,10
BRDA:12,4,1,9
BRF:11
BRH:10
end_of_record
TN:
SF:dist/src/middleware/error.middleware.js
FN:4,(anonymous_0)
FNF:1
FNH:1
FNDA:5,(anonymous_0)
DA:2,1
DA:3,1
DA:4,1
DA:5,5
DA:6,5
DA:10,1
LF:6
LH:6
BRDA:5,0,0,5
BRDA:5,0,1,0
BRDA:7,1,0,5
BRDA:7,1,1,0
BRF:4
BRH:2
end_of_record
TN:
SF:dist/src/models/Task.js
FN:2,(anonymous_0)
FN:6,(anonymous_1)
FN:9,(anonymous_2)
FN:13,(anonymous_3)
FN:15,(anonymous_4)
FN:18,(anonymous_5)
FN:19,(anonymous_6)
FN:20,(anonymous_7)
FN:27,(anonymous_8)
FNF:9
FNH:6
FNDA:53,(anonymous_0)
FNDA:1,(anonymous_1)
FNDA:0,(anonymous_2)
FNDA:1,(anonymous_3)
FNDA:0,(anonymous_4)
FNDA:1,(anonymous_5)
FNDA:1,(anonymous_6)
FNDA:0,(anonymous_7)
FNDA:1,(anonymous_8)
DA:2,1
DA:3,53
DA:4,53
DA:5,53
DA:6,52
DA:8,53
DA:10,0
DA:11,0
DA:13,1
DA:14,1
DA:16,0
DA:18,1
DA:19,1
DA:20,1
DA:21,0
DA:22,0
DA:23,0
DA:25,1
DA:27,1
DA:28,1
DA:29,1
DA:30,54
DA:31,1
DA:32,1
DA:35,1
DA:36,1
DA:37,1
DA:47,1
DA:48,1
LF:29
LH:23
BRDA:2,0,0,1
BRDA:2,0,1,1
BRDA:2,0,2,1
BRDA:2,1,0,1
BRDA:2,1,1,0
BRDA:3,2,0,53
BRDA:3,2,1,0
BRDA:5,3,0,52
BRDA:5,3,1,1
BRDA:5,4,0,53
BRDA:5,4,1,53
BRDA:5,5,0,0
BRDA:5,5,1,53
BRDA:5,6,0,53
BRDA:5,6,1,1
BRDA:10,7,0,0
BRDA:10,7,1,0
BRDA:13,8,0,1
BRDA:13,8,1,1
BRDA:13,8,2,1
BRDA:13,9,0,1
BRDA:13,9,1,0
BRDA:18,10,0,1
BRDA:18,10,1,1
BRDA:18,10,2,1
BRDA:20,11,0,1
BRDA:20,11,1,0
BRDA:22,12,0,0
BRDA:22,12,1,0
BRDA:28,13,0,0
BRDA:28,13,1,1
BRDA:28,14,0,1
BRDA:28,14,1,1
BRDA:30,15,0,1
BRDA:30,15,1,0
BRDA:30,16,0,53
BRDA:30,16,1,1
BRF:37
BRH:26
end_of_record
TN:
SF:dist/src/models/User.js
FN:2,(anonymous_0)
FNF:1
FNH:1
FNDA:1,(anonymous_0)
DA:2,1
DA:3,1
DA:5,1
DA:6,1
DA:7,1
DA:18,1
LF:6
LH:6
BRDA:2,0,0,1
BRDA:2,0,1,1
BRDA:2,0,2,1
BRDA:3,1,0,0
BRDA:3,1,1,1
BRDA:3,2,0,1
BRDA:3,2,1,1
BRF:7
BRH:6
end_of_record
TN:
SF:dist/src/routes/auth.routes.js
FNF:0
FNH:0
DA:2,1
DA:3,1
DA:4,1
DA:5,1
DA:6,1
DA:7,1
DA:8,1
LF:7
LH:7
BRF:0
BRH:0
end_of_record
TN:
SF:dist/src/routes/task.routes.js
FNF:0
FNH:0
DA:2,1
DA:3,1
DA:4,1
DA:5,1
DA:6,1
DA:7,1
DA:8,1
DA:9,1
DA:10,1
LF:9
LH:9
BRF:0
BRH:0
end_of_record
TN:
SF:dist/src/utils/AppError.js
FN:5,(anonymous_0)
FNF:1
FNH:1
FNDA:6,(anonymous_0)
DA:2,1
DA:3,1
DA:6,6
DA:7,6
DA:8,6
DA:11,1
LF:6
LH:6
BRF:0
BRH:0
end_of_record
TN:
SF:src/app.ts
FN:10,(anonymous_1)
FNF:1
FNH:0
FNDA:0,(anonymous_1)
DA:1,1
DA:2,1
DA:3,1
DA:4,1
DA:5,1
DA:6,1
DA:8,1
DA:10,1
DA:11,0
DA:14,1
DA:16,1
DA:23,1
DA:24,1
DA:26,1
LF:14
LH:13
BRF:0
BRH:0
end_of_record
TN:
SF:src/controllers/auth.controller.ts
FN:7,(anonymous_1)
FN:37,(anonymous_2)
FNF:2
FNH:2
FNDA:1,(anonymous_1)
FNDA:1,(anonymous_2)
DA:2,1
DA:3,1
DA:4,1
DA:5,1
DA:7,1
DA:12,1
DA:13,1
DA:15,1
DA:16,0
DA:19,1
DA:20,1
DA:21,0
DA:24,1
DA:26,1
DA:31,1
DA:33,0
DA:37,1
DA:42,1
DA:43,1
DA:45,1
DA:46,0
DA:49,1
DA:50,1
DA:51,0
DA:54,1
DA:55,1
DA:56,0
DA:59,1
DA:65,1
DA:67,0
LF:30
LH:23
BRDA:15,0,0,0
BRDA:15,1,0,1
BRDA:15,1,1,1
BRDA:20,2,0,0
BRDA:45,3,0,0
BRDA:45,4,0,1
BRDA:45,4,1,1
BRDA:50,5,0,0
BRDA:55,6,0,0
BRF:9
BRH:4
end_of_record
TN:
SF:src/controllers/task.controller.ts
FN:7,(anonymous_1)
FN:23,(anonymous_2)
FN:50,(anonymous_3)
FN:91,(anonymous_4)
FN:112,(anonymous_5)
FNF:5
FNH:5
FNDA:1,(anonymous_1)
FNDA:6,(anonymous_2)
FNDA:3,(anonymous_3)
FNDA:1,(anonymous_4)
FNDA:1,(anonymous_5)
DA:2,1
DA:3,1
DA:7,1
DA:12,1
DA:13,1
DA:17,1
DA:19,0
DA:23,1
DA:28,6
DA:29,6
DA:31,6
DA:32,2
DA:35,4
DA:37,4
DA:44,4
DA:46,2
DA:50,1
DA:55,3
DA:56,3
DA:58,3
DA:60,3
DA:62,3
DA:64,3
DA:65,1
DA:66,1
DA:67,0
DA:71,3
DA:72,0
DA:75,3
DA:81,3
DA:82,1
DA:85,2
DA:87,1
DA:91,1
DA:96,1
DA:97,1
DA:102,1
DA:103,1
DA:106,0
DA:108,1
DA:112,1
DA:117,1
DA:118,1
DA:120,1
DA:121,1
DA:124,0
DA:125,0
DA:131,0
DA:133,1
LF:49
LH:42
BRDA:31,0,0,2
BRDA:31,1,0,6
BRDA:31,1,1,5
BRDA:40,2,0,0
BRDA:40,2,1,4
BRDA:41,3,0,0
BRDA:41,3,1,4
BRDA:60,4,0,2
BRDA:62,5,0,0
BRDA:64,6,0,1
BRDA:66,7,0,0
BRDA:71,8,0,0
BRDA:72,9,0,0
BRDA:72,9,1,0
BRDA:81,10,0,1
BRDA:102,11,0,1
BRDA:120,12,0,1
BRF:17
BRH:10
end_of_record
TN:
SF:src/middleware/auth.middleware.ts
FN:5,(anonymous_1)
FNF:1
FNH:1
FNDA:14,(anonymous_1)
DA:2,1
DA:3,1
DA:5,1
DA:10,14
DA:12,14
DA:13,1
DA:16,13
DA:18,13
DA:19,13
DA:24,12
DA:25,12
DA:27,1
LF:12
LH:12
BRDA:12,0,0,1
BRDA:12,1,0,14
BRDA:12,1,1,13
BRF:3
BRH:3
end_of_record
TN:
SF:src/middleware/error.middleware.ts
FN:3,(anonymous_0)
FNF:1
FNH:1
FNDA:7,(anonymous_0)
DA:3,1
DA:9,7
DA:11,7
LF:3
LH:3
BRDA:9,0,0,7
BRDA:9,0,1,0
BRDA:12,1,0,7
BRDA:12,1,1,0
BRF:4
BRH:2
end_of_record
TN:
SF:src/models/Task.ts
FNF:0
FNH:0
DA:1,1
DA:12,1
DA:44,1
LF:3
LH:3
BRF:0
BRH:0
end_of_record
TN:
SF:src/models/User.ts
FNF:0
FNH:0
DA:1,1
DA:3,1
DA:18,1
LF:3
LH:3
BRF:0
BRH:0
end_of_record
TN:
SF:src/routes/auth.routes.ts
FNF:0
FNH:0
DA:1,1
DA:2,1
DA:4,1
DA:6,1
DA:7,1
DA:9,1
LF:6
LH:6
BRF:0
BRH:0
end_of_record
TN:
SF:src/routes/task.routes.ts
FNF:0
FNH:0
DA:1,1
DA:2,1
DA:10,1
DA:12,1
DA:13,1
DA:14,1
DA:15,1
DA:16,1
DA:19,1
LF:9
LH:9
BRF:0
BRH:0
end_of_record
TN:
SF:src/utils/AppError.ts
FN:4,(anonymous_0)
FNF:1
FNH:1
FNDA:7,(anonymous_0)
DA:1,1
DA:5,7
DA:6,7
DA:8,7
LF:4
LH:4
BRF:0
BRH:0
end_of_record
