TN:
SF:server.ts
FN:12,(anonymous_1)
FN:26,(anonymous_2)
FN:35,(anonymous_3)
FN:52,(anonymous_4)
FN:72,(anonymous_5)
FN:89,(anonymous_6)
FNF:6
FNH:1
FNDA:0,(anonymous_1)
FNDA:0,(anonymous_2)
FNDA:2,(anonymous_3)
FNDA:0,(anonymous_4)
FNDA:0,(anonymous_5)
FNDA:0,(anonymous_6)
DA:1,1
DA:2,1
DA:3,1
DA:4,1
DA:6,1
DA:8,1
DA:10,1
DA:12,1
DA:13,0
DA:14,0
DA:15,0
DA:17,0
DA:18,0
DA:22,1
DA:23,0
DA:26,1
DA:27,0
DA:28,0
DA:29,0
DA:31,0
DA:35,1
DA:36,2
DA:37,2
DA:39,2
DA:40,1
DA:43,1
DA:44,1
DA:46,1
DA:48,0
DA:52,1
DA:53,0
DA:54,0
DA:56,0
DA:62,0
DA:63,0
DA:66,0
DA:68,0
DA:72,1
DA:73,0
DA:74,0
DA:76,0
DA:77,0
DA:80,0
DA:82,0
DA:86,1
DA:87,0
DA:89,0
DA:90,0
LF:48
LH:21
BRDA:22,0,0,0
BRDA:39,1,0,1
BRDA:62,2,0,0
BRDA:76,3,0,0
BRDA:86,4,0,0
BRDA:87,5,0,0
BRDA:87,5,1,0
BRF:7
BRH:1
end_of_record
TN:
SF:models/Task.ts
FNF:0
FNH:0
DA:1,1
DA:10,1
DA:24,1
DA:26,1
LF:4
LH:4
BRF:0
BRH:0
end_of_record
